<?xml version="1.0" encoding="UTF-8"?>
<testsuites name="CinemaAbyss API Tests" tests="22" time="0.202">
  <testsuite name="Monolith Service / Health Check" id="6d85f958-4026-4ca3-9c91-bb6fc6df99c2" timestamp="2025-12-28T18:15:00.625Z" tests="1" failures="0" errors="0" time="0.013">
    <testcase name="Status code is 200" time="0.013" classname="CinemaAbyssApiTests"/>
  </testsuite>
  <testsuite name="Monolith Service / Get All Users" id="3c59c834-2f56-4b6a-a34b-61373bfb4c3e" timestamp="2025-12-28T18:15:00.625Z" tests="2" failures="0" errors="0" time="0.003">
    <testcase name="Status code is 200" time="0.003" classname="CinemaAbyssApiTests"/>
    <testcase name="Response is an array" time="0.003" classname="CinemaAbyssApiTests"/>
  </testsuite>
  <testsuite name="Monolith Service / Create User" id="27592b2e-caa2-4e65-9527-ab1054fbf2c3" timestamp="2025-12-28T18:15:00.625Z" tests="2" failures="0" errors="0" time="0.007">
    <testcase name="Status code is 201" time="0.007" classname="CinemaAbyssApiTests"/>
    <testcase name="Response has id" time="0.007" classname="CinemaAbyssApiTests"/>
  </testsuite>
  <testsuite name="Monolith Service / Get User by ID" id="7ac6a3a0-c98a-4006-bc30-c06fca49062c" timestamp="2025-12-28T18:15:00.625Z" tests="2" failures="0" errors="0" time="0.005">
    <testcase name="Status code is 200" time="0.005" classname="CinemaAbyssApiTests"/>
    <testcase name="User ID matches" time="0.005" classname="CinemaAbyssApiTests"/>
  </testsuite>
  <testsuite name="Monolith Service / Get All Movies" id="53f60872-d05d-4ece-8f92-6ff0aeea8682" timestamp="2025-12-28T18:15:00.625Z" tests="2" failures="0" errors="0" time="0.011">
    <testcase name="Status code is 200" time="0.011" classname="CinemaAbyssApiTests"/>
    <testcase name="Response is an array" time="0.011" classname="CinemaAbyssApiTests"/>
  </testsuite>
  <testsuite name="Monolith Service / Create Movie" id="6e5406fc-2b19-48f5-b54e-3bbc7361aa45" timestamp="2025-12-28T18:15:00.625Z" tests="2" failures="0" errors="0" time="0.006">
    <testcase name="Status code is 201" time="0.006" classname="CinemaAbyssApiTests"/>
    <testcase name="Response has id" time="0.006" classname="CinemaAbyssApiTests"/>
  </testsuite>
  <testsuite name="Monolith Service / Get Movie by ID" id="4efba8d0-158f-4c7d-9f6d-c7420e1d8ed6" timestamp="2025-12-28T18:15:00.625Z" tests="2" failures="0" errors="0" time="0.004">
    <testcase name="Status code is 200" time="0.004" classname="CinemaAbyssApiTests"/>
    <testcase name="Movie ID matches" time="0.004" classname="CinemaAbyssApiTests"/>
  </testsuite>
  <testsuite name="Monolith Service / Create Payment" id="80bbabf5-1af2-4051-a085-325c0a26a088" timestamp="2025-12-28T18:15:00.625Z" tests="2" failures="0" errors="0" time="0.008">
    <testcase name="Status code is 201" time="0.008" classname="CinemaAbyssApiTests"/>
    <testcase name="Response has id" time="0.008" classname="CinemaAbyssApiTests"/>
  </testsuite>
  <testsuite name="Monolith Service / Get Payment by ID" id="c2cb18d2-39f8-4082-835f-0fb9492edcb9" timestamp="2025-12-28T18:15:00.625Z" tests="2" failures="0" errors="0" time="0.005">
    <testcase name="Status code is 200" time="0.005" classname="CinemaAbyssApiTests"/>
    <testcase name="Payment ID matches" time="0.005" classname="CinemaAbyssApiTests"/>
  </testsuite>
  <testsuite name="Monolith Service / Create Subscription" id="bbb0373d-11e1-4261-a946-b2277f9b71d9" timestamp="2025-12-28T18:15:00.625Z" tests="2" failures="0" errors="0" time="0.007">
    <testcase name="Status code is 201" time="0.007" classname="CinemaAbyssApiTests"/>
    <testcase name="Response has id" time="0.007" classname="CinemaAbyssApiTests"/>
  </testsuite>
  <testsuite name="Monolith Service / Get Subscription by ID" id="97ded896-7ccd-4cff-afac-d340f2f5dbce" timestamp="2025-12-28T18:15:00.625Z" tests="2" failures="0" errors="0" time="0.007">
    <testcase name="Status code is 200" time="0.007" classname="CinemaAbyssApiTests"/>
    <testcase name="Subscription ID matches" time="0.007" classname="CinemaAbyssApiTests"/>
  </testsuite>
  <testsuite name="Movies Microservice / Health Check" id="4269f98d-3629-4a67-94db-e175262f904a" timestamp="2025-12-28T18:15:00.625Z" tests="2" failures="0" errors="0" time="0.008">
    <testcase name="Status code is 200" time="0.008" classname="CinemaAbyssApiTests"/>
    <testcase name="Status is true" time="0.008" classname="CinemaAbyssApiTests"/>
  </testsuite>
  <testsuite name="Movies Microservice / Get All Movies" id="905a6697-4b66-4f83-b120-8193819693cc" timestamp="2025-12-28T18:15:00.625Z" tests="2" failures="0" errors="0" time="0.007">
    <testcase name="Status code is 200" time="0.007" classname="CinemaAbyssApiTests"/>
    <testcase name="Response is an array" time="0.007" classname="CinemaAbyssApiTests"/>
  </testsuite>
  <testsuite name="Movies Microservice / Create Movie" id="37aa30cd-4328-4def-8dbf-7aa42efc2f67" timestamp="2025-12-28T18:15:00.625Z" tests="2" failures="0" errors="0" time="0.005">
    <testcase name="Status code is 201" time="0.005" classname="CinemaAbyssApiTests"/>
    <testcase name="Response has id" time="0.005" classname="CinemaAbyssApiTests"/>
  </testsuite>
  <testsuite name="Movies Microservice / Get Movie by ID" id="96094247-bb1f-4821-b4ea-3018c7bcb6bf" timestamp="2025-12-28T18:15:00.625Z" tests="2" failures="0" errors="0" time="0.005">
    <testcase name="Status code is 200" time="0.005" classname="CinemaAbyssApiTests"/>
    <testcase name="Movie ID matches" time="0.005" classname="CinemaAbyssApiTests"/>
  </testsuite>
  <testsuite name="Events Microservice / Health Check" id="edea0ef7-f3c3-4415-a5e7-d4665af8950a" timestamp="2025-12-28T18:15:00.625Z" tests="2" failures="1" errors="0" time="0.013">
    <testcase name="Status code is 200" time="0.013" classname="CinemaAbyssApiTests"/>
    <testcase name="Status is true" time="0.013" classname="CinemaAbyssApiTests">
      <failure type="AssertionFailure" message="expected 'stub' to be true">
        <![CDATA[Failed 1 times.]]>
        <![CDATA[Collection JSON ID: 4dcb5559-b0b3-47a9-ba32-62b2ea8869d9.]]>
        <![CDATA[Collection name: CinemaAbyss API Tests.]]>
        <![CDATA[Request name: Events Microservice / Health Check.]]>
        <![CDATA[Test description: Status is true.]]>
        <![CDATA[Error message: expected 'stub' to be true.]]>
        <![CDATA[Stacktrace: AssertionError: expected 'stub' to be true
   at Object.eval sandbox-script.js:2:16).]]>
      </failure>
    </testcase>
  </testsuite>
  <testsuite name="Events Microservice / Create Movie Event" id="362edb48-bc04-4d35-894c-9becea2a4725" timestamp="2025-12-28T18:15:00.625Z" tests="2" failures="2" errors="0" time="0.005">
    <testcase name="Status code is 201" time="0.005" classname="CinemaAbyssApiTests">
      <failure type="AssertionFailure" message="expected response to have status code 201 but got 200">
        <![CDATA[Failed 1 times.]]>
        <![CDATA[Collection JSON ID: 4dcb5559-b0b3-47a9-ba32-62b2ea8869d9.]]>
        <![CDATA[Collection name: CinemaAbyss API Tests.]]>
        <![CDATA[Request name: Events Microservice / Create Movie Event.]]>
        <![CDATA[Test description: Status code is 201.]]>
        <![CDATA[Error message: expected response to have status code 201 but got 200.]]>
        <![CDATA[Stacktrace: AssertionError: expected response to have status code 201 but got 200
   at Object.eval sandbox-script.js:1:17).]]>
      </failure>
    </testcase>
    <testcase name="Response has status success" time="0.005" classname="CinemaAbyssApiTests">
      <failure type="AssertionFailure" message="expected 'stub' to equal 'success'">
        <![CDATA[Failed 1 times.]]>
        <![CDATA[Collection JSON ID: 4dcb5559-b0b3-47a9-ba32-62b2ea8869d9.]]>
        <![CDATA[Collection name: CinemaAbyss API Tests.]]>
        <![CDATA[Request name: Events Microservice / Create Movie Event.]]>
        <![CDATA[Test description: Response has status success.]]>
        <![CDATA[Error message: expected 'stub' to equal 'success'.]]>
        <![CDATA[Stacktrace: AssertionError: expected 'stub' to equal 'success'
   at Object.eval sandbox-script.js:2:17).]]>
      </failure>
    </testcase>
  </testsuite>
  <testsuite name="Events Microservice / Create User Event" id="fcfb2d65-1af8-4b19-af15-146a7b644b92" timestamp="2025-12-28T18:15:00.625Z" tests="2" failures="2" errors="0" time="0.004">
    <testcase name="Status code is 201" time="0.004" classname="CinemaAbyssApiTests">
      <failure type="AssertionFailure" message="expected response to have status code 201 but got 200">
        <![CDATA[Failed 1 times.]]>
        <![CDATA[Collection JSON ID: 4dcb5559-b0b3-47a9-ba32-62b2ea8869d9.]]>
        <![CDATA[Collection name: CinemaAbyss API Tests.]]>
        <![CDATA[Request name: Events Microservice / Create User Event.]]>
        <![CDATA[Test description: Status code is 201.]]>
        <![CDATA[Error message: expected response to have status code 201 but got 200.]]>
        <![CDATA[Stacktrace: AssertionError: expected response to have status code 201 but got 200
   at Object.eval sandbox-script.js:1:18).]]>
      </failure>
    </testcase>
    <testcase name="Response has status success" time="0.004" classname="CinemaAbyssApiTests">
      <failure type="AssertionFailure" message="expected 'stub' to equal 'success'">
        <![CDATA[Failed 1 times.]]>
        <![CDATA[Collection JSON ID: 4dcb5559-b0b3-47a9-ba32-62b2ea8869d9.]]>
        <![CDATA[Collection name: CinemaAbyss API Tests.]]>
        <![CDATA[Request name: Events Microservice / Create User Event.]]>
        <![CDATA[Test description: Response has status success.]]>
        <![CDATA[Error message: expected 'stub' to equal 'success'.]]>
        <![CDATA[Stacktrace: AssertionError: expected 'stub' to equal 'success'
   at Object.eval sandbox-script.js:2:18).]]>
      </failure>
    </testcase>
  </testsuite>
  <testsuite name="Events Microservice / Create Payment Event" id="31fb140b-3f27-49c4-bd6c-1eabeadda5af" timestamp="2025-12-28T18:15:00.625Z" tests="2" failures="2" errors="0" time="0.003">
    <testcase name="Status code is 201" time="0.003" classname="CinemaAbyssApiTests">
      <failure type="AssertionFailure" message="expected response to have status code 201 but got 200">
        <![CDATA[Failed 1 times.]]>
        <![CDATA[Collection JSON ID: 4dcb5559-b0b3-47a9-ba32-62b2ea8869d9.]]>
        <![CDATA[Collection name: CinemaAbyss API Tests.]]>
        <![CDATA[Request name: Events Microservice / Create Payment Event.]]>
        <![CDATA[Test description: Status code is 201.]]>
        <![CDATA[Error message: expected response to have status code 201 but got 200.]]>
        <![CDATA[Stacktrace: AssertionError: expected response to have status code 201 but got 200
   at Object.eval sandbox-script.js:1:19).]]>
      </failure>
    </testcase>
    <testcase name="Response has status success" time="0.003" classname="CinemaAbyssApiTests">
      <failure type="AssertionFailure" message="expected 'stub' to equal 'success'">
        <![CDATA[Failed 1 times.]]>
        <![CDATA[Collection JSON ID: 4dcb5559-b0b3-47a9-ba32-62b2ea8869d9.]]>
        <![CDATA[Collection name: CinemaAbyss API Tests.]]>
        <![CDATA[Request name: Events Microservice / Create Payment Event.]]>
        <![CDATA[Test description: Response has status success.]]>
        <![CDATA[Error message: expected 'stub' to equal 'success'.]]>
        <![CDATA[Stacktrace: AssertionError: expected 'stub' to equal 'success'
   at Object.eval sandbox-script.js:2:19).]]>
      </failure>
    </testcase>
  </testsuite>
  <testsuite name="Proxy Service / Health Check" id="8a2eca5b-b280-4e8b-bdd8-649e89ee25fe" timestamp="2025-12-28T18:15:00.625Z" tests="1" failures="0" errors="0" time="0.015">
    <testcase name="Status code is 200" time="0.015" classname="CinemaAbyssApiTests"/>
  </testsuite>
  <testsuite name="Proxy Service / Get All Movies via Proxy" id="5e0d1b54-8d28-414e-ac77-2e71633d2d94" timestamp="2025-12-28T18:15:00.625Z" tests="2" failures="0" errors="0" time="0.043">
    <testcase name="Status code is 200" time="0.043" classname="CinemaAbyssApiTests"/>
    <testcase name="Response is an array" time="0.043" classname="CinemaAbyssApiTests"/>
  </testsuite>
  <testsuite name="Proxy Service / Get All Users via Proxy" id="8a91783f-0707-424e-9d4d-c4c55563bab3" timestamp="2025-12-28T18:15:00.625Z" tests="2" failures="0" errors="0" time="0.018">
    <testcase name="Status code is 200" time="0.018" classname="CinemaAbyssApiTests"/>
    <testcase name="Response is an array" time="0.018" classname="CinemaAbyssApiTests"/>
  </testsuite>
</testsuites>