<?xml version="1.0" encoding="UTF-8"?>
<testsuites name="CinemaAbyss API Tests" tests="22" time="0.278">
  <testsuite name="Monolith Service / Health Check" id="cca023ca-a4fc-437d-9db0-73f1f07120d7" timestamp="2025-12-28T18:35:45.789Z" tests="1" failures="0" errors="0" time="0.013">
    <testcase name="Status code is 200" time="0.013" classname="CinemaAbyssApiTests"/>
  </testsuite>
  <testsuite name="Monolith Service / Get All Users" id="240e60db-9197-4058-bb34-4ec6752cc5c1" timestamp="2025-12-28T18:35:45.789Z" tests="2" failures="0" errors="0" time="0.006">
    <testcase name="Status code is 200" time="0.006" classname="CinemaAbyssApiTests"/>
    <testcase name="Response is an array" time="0.006" classname="CinemaAbyssApiTests"/>
  </testsuite>
  <testsuite name="Monolith Service / Create User" id="ca5cc0b5-148f-4d79-bd4c-2b71e540ac53" timestamp="2025-12-28T18:35:45.789Z" tests="2" failures="0" errors="0" time="0.008">
    <testcase name="Status code is 201" time="0.008" classname="CinemaAbyssApiTests"/>
    <testcase name="Response has id" time="0.008" classname="CinemaAbyssApiTests"/>
  </testsuite>
  <testsuite name="Monolith Service / Get User by ID" id="c7fab87d-9025-4745-9d03-55096a44a836" timestamp="2025-12-28T18:35:45.789Z" tests="2" failures="0" errors="0" time="0.004">
    <testcase name="Status code is 200" time="0.004" classname="CinemaAbyssApiTests"/>
    <testcase name="User ID matches" time="0.004" classname="CinemaAbyssApiTests"/>
  </testsuite>
  <testsuite name="Monolith Service / Get All Movies" id="98407a4f-c1f1-491f-8686-2330fe479911" timestamp="2025-12-28T18:35:45.789Z" tests="2" failures="0" errors="0" time="0.008">
    <testcase name="Status code is 200" time="0.008" classname="CinemaAbyssApiTests"/>
    <testcase name="Response is an array" time="0.008" classname="CinemaAbyssApiTests"/>
  </testsuite>
  <testsuite name="Monolith Service / Create Movie" id="4714b253-7624-45b9-97ab-cdb3bb248aa6" timestamp="2025-12-28T18:35:45.789Z" tests="2" failures="0" errors="0" time="0.004">
    <testcase name="Status code is 201" time="0.004" classname="CinemaAbyssApiTests"/>
    <testcase name="Response has id" time="0.004" classname="CinemaAbyssApiTests"/>
  </testsuite>
  <testsuite name="Monolith Service / Get Movie by ID" id="c3ccc18a-f2c8-466e-a5ef-fffd6509bfa3" timestamp="2025-12-28T18:35:45.789Z" tests="2" failures="0" errors="0" time="0.004">
    <testcase name="Status code is 200" time="0.004" classname="CinemaAbyssApiTests"/>
    <testcase name="Movie ID matches" time="0.004" classname="CinemaAbyssApiTests"/>
  </testsuite>
  <testsuite name="Monolith Service / Create Payment" id="083be347-2ad4-478a-b274-b5928416b263" timestamp="2025-12-28T18:35:45.789Z" tests="2" failures="0" errors="0" time="0.004">
    <testcase name="Status code is 201" time="0.004" classname="CinemaAbyssApiTests"/>
    <testcase name="Response has id" time="0.004" classname="CinemaAbyssApiTests"/>
  </testsuite>
  <testsuite name="Monolith Service / Get Payment by ID" id="a084746c-69d4-4c44-a604-ae4e194f1caf" timestamp="2025-12-28T18:35:45.789Z" tests="2" failures="0" errors="0" time="0.012">
    <testcase name="Status code is 200" time="0.012" classname="CinemaAbyssApiTests"/>
    <testcase name="Payment ID matches" time="0.012" classname="CinemaAbyssApiTests"/>
  </testsuite>
  <testsuite name="Monolith Service / Create Subscription" id="9e31089c-facd-4e2c-9640-11f717842e84" timestamp="2025-12-28T18:35:45.789Z" tests="2" failures="0" errors="0" time="0.005">
    <testcase name="Status code is 201" time="0.005" classname="CinemaAbyssApiTests"/>
    <testcase name="Response has id" time="0.005" classname="CinemaAbyssApiTests"/>
  </testsuite>
  <testsuite name="Monolith Service / Get Subscription by ID" id="5bd66f21-539c-43e3-9798-d902817e0caa" timestamp="2025-12-28T18:35:45.789Z" tests="2" failures="0" errors="0" time="0.005">
    <testcase name="Status code is 200" time="0.005" classname="CinemaAbyssApiTests"/>
    <testcase name="Subscription ID matches" time="0.005" classname="CinemaAbyssApiTests"/>
  </testsuite>
  <testsuite name="Movies Microservice / Health Check" id="6778b400-8710-47bc-93d0-30e03fdbccf6" timestamp="2025-12-28T18:35:45.789Z" tests="2" failures="0" errors="0" time="0.017">
    <testcase name="Status code is 200" time="0.017" classname="CinemaAbyssApiTests"/>
    <testcase name="Status is true" time="0.017" classname="CinemaAbyssApiTests"/>
  </testsuite>
  <testsuite name="Movies Microservice / Get All Movies" id="752bfdb2-0a67-4356-aea5-cab250e930df" timestamp="2025-12-28T18:35:45.789Z" tests="2" failures="0" errors="0" time="0.011">
    <testcase name="Status code is 200" time="0.011" classname="CinemaAbyssApiTests"/>
    <testcase name="Response is an array" time="0.011" classname="CinemaAbyssApiTests"/>
  </testsuite>
  <testsuite name="Movies Microservice / Create Movie" id="9a50903e-4966-4818-9cf0-f006b9e62aa5" timestamp="2025-12-28T18:35:45.789Z" tests="2" failures="0" errors="0" time="0.012">
    <testcase name="Status code is 201" time="0.012" classname="CinemaAbyssApiTests"/>
    <testcase name="Response has id" time="0.012" classname="CinemaAbyssApiTests"/>
  </testsuite>
  <testsuite name="Movies Microservice / Get Movie by ID" id="eaf65c2d-0146-443c-8128-ca5be37abd60" timestamp="2025-12-28T18:35:45.789Z" tests="2" failures="0" errors="0" time="0.007">
    <testcase name="Status code is 200" time="0.007" classname="CinemaAbyssApiTests"/>
    <testcase name="Movie ID matches" time="0.007" classname="CinemaAbyssApiTests"/>
  </testsuite>
  <testsuite name="Events Microservice / Health Check" id="948a416f-a767-4d17-b001-42891fa7e145" timestamp="2025-12-28T18:35:45.789Z" tests="2" failures="0" errors="0" time="0.025">
    <testcase name="Status code is 200" time="0.025" classname="CinemaAbyssApiTests"/>
    <testcase name="Status is true" time="0.025" classname="CinemaAbyssApiTests"/>
  </testsuite>
  <testsuite name="Events Microservice / Create Movie Event" id="bfc1ea9b-78af-4215-9e40-f2d98e3a45c7" timestamp="2025-12-28T18:35:45.789Z" tests="2" failures="0" errors="0" time="0.020">
    <testcase name="Status code is 201" time="0.020" classname="CinemaAbyssApiTests"/>
    <testcase name="Response has status success" time="0.020" classname="CinemaAbyssApiTests"/>
  </testsuite>
  <testsuite name="Events Microservice / Create User Event" id="83a380f2-a1cf-4baa-853e-64bf30c76818" timestamp="2025-12-28T18:35:45.789Z" tests="2" failures="0" errors="0" time="0.008">
    <testcase name="Status code is 201" time="0.008" classname="CinemaAbyssApiTests"/>
    <testcase name="Response has status success" time="0.008" classname="CinemaAbyssApiTests"/>
  </testsuite>
  <testsuite name="Events Microservice / Create Payment Event" id="0d2cf1d4-401d-4444-bf8c-6c25eacbcefa" timestamp="2025-12-28T18:35:45.789Z" tests="2" failures="0" errors="0" time="0.013">
    <testcase name="Status code is 201" time="0.013" classname="CinemaAbyssApiTests"/>
    <testcase name="Response has status success" time="0.013" classname="CinemaAbyssApiTests"/>
  </testsuite>
  <testsuite name="Proxy Service / Health Check" id="128f1297-3292-4790-93e2-e34742de4e82" timestamp="2025-12-28T18:35:45.789Z" tests="1" failures="0" errors="0" time="0.033">
    <testcase name="Status code is 200" time="0.033" classname="CinemaAbyssApiTests"/>
  </testsuite>
  <testsuite name="Proxy Service / Get All Movies via Proxy" id="ef7d3bd7-60c7-4611-8277-ad78690f6709" timestamp="2025-12-28T18:35:45.789Z" tests="2" failures="0" errors="0" time="0.046">
    <testcase name="Status code is 200" time="0.046" classname="CinemaAbyssApiTests"/>
    <testcase name="Response is an array" time="0.046" classname="CinemaAbyssApiTests"/>
  </testsuite>
  <testsuite name="Proxy Service / Get All Users via Proxy" id="d6dcc1ed-37ca-40f0-9454-58bf08517781" timestamp="2025-12-28T18:35:45.789Z" tests="2" failures="0" errors="0" time="0.013">
    <testcase name="Status code is 200" time="0.013" classname="CinemaAbyssApiTests"/>
    <testcase name="Response is an array" time="0.013" classname="CinemaAbyssApiTests"/>
  </testsuite>
</testsuites>