<?xml version="1.0" encoding="UTF-8"?>
<testsuites name="CinemaAbyss API Tests" tests="22" time="0.232">
  <testsuite name="Monolith Service / Health Check" id="c5a545e6-496d-4c48-bb14-ce749efefc88" timestamp="2025-12-28T18:10:52.600Z" tests="1" failures="0" errors="0" time="0.019">
    <testcase name="Status code is 200" time="0.019" classname="CinemaAbyssApiTests"/>
  </testsuite>
  <testsuite name="Monolith Service / Get All Users" id="2485f968-31d8-4629-ac8f-2195988e7e8c" timestamp="2025-12-28T18:10:52.600Z" tests="2" failures="0" errors="0" time="0.006">
    <testcase name="Status code is 200" time="0.006" classname="CinemaAbyssApiTests"/>
    <testcase name="Response is an array" time="0.006" classname="CinemaAbyssApiTests"/>
  </testsuite>
  <testsuite name="Monolith Service / Create User" id="21d85acb-1da2-4c4d-a5f5-ee3cc93127df" timestamp="2025-12-28T18:10:52.600Z" tests="2" failures="0" errors="0" time="0.008">
    <testcase name="Status code is 201" time="0.008" classname="CinemaAbyssApiTests"/>
    <testcase name="Response has id" time="0.008" classname="CinemaAbyssApiTests"/>
  </testsuite>
  <testsuite name="Monolith Service / Get User by ID" id="0ed58a82-344d-464d-9be1-a6d2b4005dea" timestamp="2025-12-28T18:10:52.600Z" tests="2" failures="0" errors="0" time="0.005">
    <testcase name="Status code is 200" time="0.005" classname="CinemaAbyssApiTests"/>
    <testcase name="User ID matches" time="0.005" classname="CinemaAbyssApiTests"/>
  </testsuite>
  <testsuite name="Monolith Service / Get All Movies" id="f96ec8ba-f18e-47a7-bcf2-3cb3e3637a3d" timestamp="2025-12-28T18:10:52.600Z" tests="2" failures="0" errors="0" time="0.010">
    <testcase name="Status code is 200" time="0.010" classname="CinemaAbyssApiTests"/>
    <testcase name="Response is an array" time="0.010" classname="CinemaAbyssApiTests"/>
  </testsuite>
  <testsuite name="Monolith Service / Create Movie" id="c3e97f6d-13dd-4d8f-acc0-997b98f23bc4" timestamp="2025-12-28T18:10:52.600Z" tests="2" failures="0" errors="0" time="0.009">
    <testcase name="Status code is 201" time="0.009" classname="CinemaAbyssApiTests"/>
    <testcase name="Response has id" time="0.009" classname="CinemaAbyssApiTests"/>
  </testsuite>
  <testsuite name="Monolith Service / Get Movie by ID" id="c32d1fd6-4837-4c8b-a58a-397f0b16ca48" timestamp="2025-12-28T18:10:52.600Z" tests="2" failures="0" errors="0" time="0.004">
    <testcase name="Status code is 200" time="0.004" classname="CinemaAbyssApiTests"/>
    <testcase name="Movie ID matches" time="0.004" classname="CinemaAbyssApiTests"/>
  </testsuite>
  <testsuite name="Monolith Service / Create Payment" id="e45d4fdd-0560-4d6f-83ba-442c84f40d1e" timestamp="2025-12-28T18:10:52.600Z" tests="2" failures="0" errors="0" time="0.009">
    <testcase name="Status code is 201" time="0.009" classname="CinemaAbyssApiTests"/>
    <testcase name="Response has id" time="0.009" classname="CinemaAbyssApiTests"/>
  </testsuite>
  <testsuite name="Monolith Service / Get Payment by ID" id="82af2577-2d79-4a06-955c-9795d013f78b" timestamp="2025-12-28T18:10:52.600Z" tests="2" failures="0" errors="0" time="0.005">
    <testcase name="Status code is 200" time="0.005" classname="CinemaAbyssApiTests"/>
    <testcase name="Payment ID matches" time="0.005" classname="CinemaAbyssApiTests"/>
  </testsuite>
  <testsuite name="Monolith Service / Create Subscription" id="15feb404-db59-4565-ad83-1f872657170c" timestamp="2025-12-28T18:10:52.600Z" tests="2" failures="0" errors="0" time="0.007">
    <testcase name="Status code is 201" time="0.007" classname="CinemaAbyssApiTests"/>
    <testcase name="Response has id" time="0.007" classname="CinemaAbyssApiTests"/>
  </testsuite>
  <testsuite name="Monolith Service / Get Subscription by ID" id="65e919e5-e7d5-45a6-ba16-30c1a57176de" timestamp="2025-12-28T18:10:52.600Z" tests="2" failures="0" errors="0" time="0.005">
    <testcase name="Status code is 200" time="0.005" classname="CinemaAbyssApiTests"/>
    <testcase name="Subscription ID matches" time="0.005" classname="CinemaAbyssApiTests"/>
  </testsuite>
  <testsuite name="Movies Microservice / Health Check" id="3b73173f-edaa-4680-a12e-534f58695a45" timestamp="2025-12-28T18:10:52.600Z" tests="2" failures="0" errors="0" time="0.007">
    <testcase name="Status code is 200" time="0.007" classname="CinemaAbyssApiTests"/>
    <testcase name="Status is true" time="0.007" classname="CinemaAbyssApiTests"/>
  </testsuite>
  <testsuite name="Movies Microservice / Get All Movies" id="237ad19f-49a2-484a-b644-d7fcaa0c1cca" timestamp="2025-12-28T18:10:52.600Z" tests="2" failures="0" errors="0" time="0.012">
    <testcase name="Status code is 200" time="0.012" classname="CinemaAbyssApiTests"/>
    <testcase name="Response is an array" time="0.012" classname="CinemaAbyssApiTests"/>
  </testsuite>
  <testsuite name="Movies Microservice / Create Movie" id="012d2718-3bb8-4d3d-9f71-b6bd134e4c9b" timestamp="2025-12-28T18:10:52.600Z" tests="2" failures="0" errors="0" time="0.009">
    <testcase name="Status code is 201" time="0.009" classname="CinemaAbyssApiTests"/>
    <testcase name="Response has id" time="0.009" classname="CinemaAbyssApiTests"/>
  </testsuite>
  <testsuite name="Movies Microservice / Get Movie by ID" id="4f511f02-08b9-4861-8584-ce2d65d7ee61" timestamp="2025-12-28T18:10:52.600Z" tests="2" failures="0" errors="0" time="0.005">
    <testcase name="Status code is 200" time="0.005" classname="CinemaAbyssApiTests"/>
    <testcase name="Movie ID matches" time="0.005" classname="CinemaAbyssApiTests"/>
  </testsuite>
  <testsuite name="Events Microservice / Health Check" id="0ec60446-7a4e-4362-9b37-f42442fbd961" timestamp="2025-12-28T18:10:52.600Z" tests="2" failures="1" errors="0" time="0.029">
    <testcase name="Status code is 200" time="0.029" classname="CinemaAbyssApiTests"/>
    <testcase name="Status is true" time="0.029" classname="CinemaAbyssApiTests">
      <failure type="AssertionFailure" message="expected 'stub' to be true">
        <![CDATA[Failed 1 times.]]>
        <![CDATA[Collection JSON ID: cd6531b3-6e63-4a9e-adf3-3ac5bbb6311b.]]>
        <![CDATA[Collection name: CinemaAbyss API Tests.]]>
        <![CDATA[Request name: Events Microservice / Health Check.]]>
        <![CDATA[Test description: Status is true.]]>
        <![CDATA[Error message: expected 'stub' to be true.]]>
        <![CDATA[Stacktrace: AssertionError: expected 'stub' to be true
   at Object.eval sandbox-script.js:2:16).]]>
      </failure>
    </testcase>
  </testsuite>
  <testsuite name="Events Microservice / Create Movie Event" id="2b25062d-1cde-4ae7-aba2-5dd007dedf09" timestamp="2025-12-28T18:10:52.600Z" tests="2" failures="2" errors="0" time="0.001">
    <testcase name="Status code is 201" time="0.001" classname="CinemaAbyssApiTests">
      <failure type="AssertionFailure" message="expected response to have status code 201 but got 200">
        <![CDATA[Failed 1 times.]]>
        <![CDATA[Collection JSON ID: cd6531b3-6e63-4a9e-adf3-3ac5bbb6311b.]]>
        <![CDATA[Collection name: CinemaAbyss API Tests.]]>
        <![CDATA[Request name: Events Microservice / Create Movie Event.]]>
        <![CDATA[Test description: Status code is 201.]]>
        <![CDATA[Error message: expected response to have status code 201 but got 200.]]>
        <![CDATA[Stacktrace: AssertionError: expected response to have status code 201 but got 200
   at Object.eval sandbox-script.js:1:17).]]>
      </failure>
    </testcase>
    <testcase name="Response has status success" time="0.001" classname="CinemaAbyssApiTests">
      <failure type="AssertionFailure" message="expected 'stub' to equal 'success'">
        <![CDATA[Failed 1 times.]]>
        <![CDATA[Collection JSON ID: cd6531b3-6e63-4a9e-adf3-3ac5bbb6311b.]]>
        <![CDATA[Collection name: CinemaAbyss API Tests.]]>
        <![CDATA[Request name: Events Microservice / Create Movie Event.]]>
        <![CDATA[Test description: Response has status success.]]>
        <![CDATA[Error message: expected 'stub' to equal 'success'.]]>
        <![CDATA[Stacktrace: AssertionError: expected 'stub' to equal 'success'
   at Object.eval sandbox-script.js:2:17).]]>
      </failure>
    </testcase>
  </testsuite>
  <testsuite name="Events Microservice / Create User Event" id="14a96014-7a8c-41a9-8421-8fc5973a9615" timestamp="2025-12-28T18:10:52.600Z" tests="2" failures="2" errors="0" time="0.004">
    <testcase name="Status code is 201" time="0.004" classname="CinemaAbyssApiTests">
      <failure type="AssertionFailure" message="expected response to have status code 201 but got 200">
        <![CDATA[Failed 1 times.]]>
        <![CDATA[Collection JSON ID: cd6531b3-6e63-4a9e-adf3-3ac5bbb6311b.]]>
        <![CDATA[Collection name: CinemaAbyss API Tests.]]>
        <![CDATA[Request name: Events Microservice / Create User Event.]]>
        <![CDATA[Test description: Status code is 201.]]>
        <![CDATA[Error message: expected response to have status code 201 but got 200.]]>
        <![CDATA[Stacktrace: AssertionError: expected response to have status code 201 but got 200
   at Object.eval sandbox-script.js:1:18).]]>
      </failure>
    </testcase>
    <testcase name="Response has status success" time="0.004" classname="CinemaAbyssApiTests">
      <failure type="AssertionFailure" message="expected 'stub' to equal 'success'">
        <![CDATA[Failed 1 times.]]>
        <![CDATA[Collection JSON ID: cd6531b3-6e63-4a9e-adf3-3ac5bbb6311b.]]>
        <![CDATA[Collection name: CinemaAbyss API Tests.]]>
        <![CDATA[Request name: Events Microservice / Create User Event.]]>
        <![CDATA[Test description: Response has status success.]]>
        <![CDATA[Error message: expected 'stub' to equal 'success'.]]>
        <![CDATA[Stacktrace: AssertionError: expected 'stub' to equal 'success'
   at Object.eval sandbox-script.js:2:18).]]>
      </failure>
    </testcase>
  </testsuite>
  <testsuite name="Events Microservice / Create Payment Event" id="688d690d-3ec8-43f4-88fb-9c2c86fd9f5c" timestamp="2025-12-28T18:10:52.600Z" tests="2" failures="2" errors="0" time="0.004">
    <testcase name="Status code is 201" time="0.004" classname="CinemaAbyssApiTests">
      <failure type="AssertionFailure" message="expected response to have status code 201 but got 200">
        <![CDATA[Failed 1 times.]]>
        <![CDATA[Collection JSON ID: cd6531b3-6e63-4a9e-adf3-3ac5bbb6311b.]]>
        <![CDATA[Collection name: CinemaAbyss API Tests.]]>
        <![CDATA[Request name: Events Microservice / Create Payment Event.]]>
        <![CDATA[Test description: Status code is 201.]]>
        <![CDATA[Error message: expected response to have status code 201 but got 200.]]>
        <![CDATA[Stacktrace: AssertionError: expected response to have status code 201 but got 200
   at Object.eval sandbox-script.js:1:19).]]>
      </failure>
    </testcase>
    <testcase name="Response has status success" time="0.004" classname="CinemaAbyssApiTests">
      <failure type="AssertionFailure" message="expected 'stub' to equal 'success'">
        <![CDATA[Failed 1 times.]]>
        <![CDATA[Collection JSON ID: cd6531b3-6e63-4a9e-adf3-3ac5bbb6311b.]]>
        <![CDATA[Collection name: CinemaAbyss API Tests.]]>
        <![CDATA[Request name: Events Microservice / Create Payment Event.]]>
        <![CDATA[Test description: Response has status success.]]>
        <![CDATA[Error message: expected 'stub' to equal 'success'.]]>
        <![CDATA[Stacktrace: AssertionError: expected 'stub' to equal 'success'
   at Object.eval sandbox-script.js:2:19).]]>
      </failure>
    </testcase>
  </testsuite>
  <testsuite name="Proxy Service / Health Check" id="13189312-310f-4ef6-888d-7c45ec7ad897" timestamp="2025-12-28T18:10:52.600Z" tests="1" failures="0" errors="0" time="0.017">
    <testcase name="Status code is 200" time="0.017" classname="CinemaAbyssApiTests"/>
  </testsuite>
  <testsuite name="Proxy Service / Get All Movies via Proxy" id="cefb907a-f12f-4fb9-aa87-07958b33d2b9" timestamp="2025-12-28T18:10:52.600Z" tests="2" failures="0" errors="0" time="0.039">
    <testcase name="Status code is 200" time="0.039" classname="CinemaAbyssApiTests"/>
    <testcase name="Response is an array" time="0.039" classname="CinemaAbyssApiTests"/>
  </testsuite>
  <testsuite name="Proxy Service / Get All Users via Proxy" id="8b8d9074-39c7-431d-b76b-bdc97f91dba5" timestamp="2025-12-28T18:10:52.600Z" tests="2" failures="0" errors="0" time="0.018">
    <testcase name="Status code is 200" time="0.018" classname="CinemaAbyssApiTests"/>
    <testcase name="Response is an array" time="0.018" classname="CinemaAbyssApiTests"/>
  </testsuite>
</testsuites>