<?xml version="1.0" encoding="UTF-8"?>
<testsuites name="CinemaAbyss API Tests" tests="22" time="0.231">
  <testsuite name="Monolith Service / Health Check" id="1cf16f9d-3616-4656-b874-857bf5eff0d8" timestamp="2025-12-28T18:15:26.436Z" tests="1" failures="0" errors="0" time="0.018">
    <testcase name="Status code is 200" time="0.018" classname="CinemaAbyssApiTests"/>
  </testsuite>
  <testsuite name="Monolith Service / Get All Users" id="15540300-74ed-40d7-a7e1-e0c062cd5b46" timestamp="2025-12-28T18:15:26.436Z" tests="2" failures="0" errors="0" time="0.004">
    <testcase name="Status code is 200" time="0.004" classname="CinemaAbyssApiTests"/>
    <testcase name="Response is an array" time="0.004" classname="CinemaAbyssApiTests"/>
  </testsuite>
  <testsuite name="Monolith Service / Create User" id="515a5230-2e05-4a21-b2bd-d62514fdb6cf" timestamp="2025-12-28T18:15:26.436Z" tests="2" failures="0" errors="0" time="0.008">
    <testcase name="Status code is 201" time="0.008" classname="CinemaAbyssApiTests"/>
    <testcase name="Response has id" time="0.008" classname="CinemaAbyssApiTests"/>
  </testsuite>
  <testsuite name="Monolith Service / Get User by ID" id="14aa26fb-ef0a-429a-9c2b-c691ca606e4e" timestamp="2025-12-28T18:15:26.436Z" tests="2" failures="0" errors="0" time="0.005">
    <testcase name="Status code is 200" time="0.005" classname="CinemaAbyssApiTests"/>
    <testcase name="User ID matches" time="0.005" classname="CinemaAbyssApiTests"/>
  </testsuite>
  <testsuite name="Monolith Service / Get All Movies" id="05b5d63f-4d56-4524-8a7b-421860e11d04" timestamp="2025-12-28T18:15:26.436Z" tests="2" failures="0" errors="0" time="0.015">
    <testcase name="Status code is 200" time="0.015" classname="CinemaAbyssApiTests"/>
    <testcase name="Response is an array" time="0.015" classname="CinemaAbyssApiTests"/>
  </testsuite>
  <testsuite name="Monolith Service / Create Movie" id="cb527814-5f96-4107-ab57-775031ece172" timestamp="2025-12-28T18:15:26.436Z" tests="2" failures="0" errors="0" time="0.008">
    <testcase name="Status code is 201" time="0.008" classname="CinemaAbyssApiTests"/>
    <testcase name="Response has id" time="0.008" classname="CinemaAbyssApiTests"/>
  </testsuite>
  <testsuite name="Monolith Service / Get Movie by ID" id="8f7fb576-f5fe-4486-8424-6c7162716552" timestamp="2025-12-28T18:15:26.436Z" tests="2" failures="0" errors="0" time="0.002">
    <testcase name="Status code is 200" time="0.002" classname="CinemaAbyssApiTests"/>
    <testcase name="Movie ID matches" time="0.002" classname="CinemaAbyssApiTests"/>
  </testsuite>
  <testsuite name="Monolith Service / Create Payment" id="f7203a40-a21b-4fca-9732-f989ab19becb" timestamp="2025-12-28T18:15:26.436Z" tests="2" failures="0" errors="0" time="0.007">
    <testcase name="Status code is 201" time="0.007" classname="CinemaAbyssApiTests"/>
    <testcase name="Response has id" time="0.007" classname="CinemaAbyssApiTests"/>
  </testsuite>
  <testsuite name="Monolith Service / Get Payment by ID" id="c06295fe-120f-4fd0-9dda-c1146761bd33" timestamp="2025-12-28T18:15:26.436Z" tests="2" failures="0" errors="0" time="0.006">
    <testcase name="Status code is 200" time="0.006" classname="CinemaAbyssApiTests"/>
    <testcase name="Payment ID matches" time="0.006" classname="CinemaAbyssApiTests"/>
  </testsuite>
  <testsuite name="Monolith Service / Create Subscription" id="77c24c1f-afbd-4e6f-8e93-601ab11d8b79" timestamp="2025-12-28T18:15:26.436Z" tests="2" failures="0" errors="0" time="0.010">
    <testcase name="Status code is 201" time="0.010" classname="CinemaAbyssApiTests"/>
    <testcase name="Response has id" time="0.010" classname="CinemaAbyssApiTests"/>
  </testsuite>
  <testsuite name="Monolith Service / Get Subscription by ID" id="9d7028a4-2a39-44ba-9c80-5519c45ca43e" timestamp="2025-12-28T18:15:26.436Z" tests="2" failures="0" errors="0" time="0.005">
    <testcase name="Status code is 200" time="0.005" classname="CinemaAbyssApiTests"/>
    <testcase name="Subscription ID matches" time="0.005" classname="CinemaAbyssApiTests"/>
  </testsuite>
  <testsuite name="Movies Microservice / Health Check" id="cb66b101-311c-4fd2-b310-d50409152a43" timestamp="2025-12-28T18:15:26.436Z" tests="2" failures="0" errors="0" time="0.006">
    <testcase name="Status code is 200" time="0.006" classname="CinemaAbyssApiTests"/>
    <testcase name="Status is true" time="0.006" classname="CinemaAbyssApiTests"/>
  </testsuite>
  <testsuite name="Movies Microservice / Get All Movies" id="d21121e7-e5d1-4d31-8c09-436249d4dbac" timestamp="2025-12-28T18:15:26.436Z" tests="2" failures="0" errors="0" time="0.013">
    <testcase name="Status code is 200" time="0.013" classname="CinemaAbyssApiTests"/>
    <testcase name="Response is an array" time="0.013" classname="CinemaAbyssApiTests"/>
  </testsuite>
  <testsuite name="Movies Microservice / Create Movie" id="5eea0ed1-8ccd-4f87-9578-13d0ecf90ebc" timestamp="2025-12-28T18:15:26.436Z" tests="2" failures="0" errors="0" time="0.008">
    <testcase name="Status code is 201" time="0.008" classname="CinemaAbyssApiTests"/>
    <testcase name="Response has id" time="0.008" classname="CinemaAbyssApiTests"/>
  </testsuite>
  <testsuite name="Movies Microservice / Get Movie by ID" id="0974d7a6-a02f-482c-9914-fc23dd6573a3" timestamp="2025-12-28T18:15:26.436Z" tests="2" failures="0" errors="0" time="0.006">
    <testcase name="Status code is 200" time="0.006" classname="CinemaAbyssApiTests"/>
    <testcase name="Movie ID matches" time="0.006" classname="CinemaAbyssApiTests"/>
  </testsuite>
  <testsuite name="Events Microservice / Health Check" id="b94617f5-45b9-4717-a137-da710447966d" timestamp="2025-12-28T18:15:26.436Z" tests="2" failures="1" errors="0" time="0.012">
    <testcase name="Status code is 200" time="0.012" classname="CinemaAbyssApiTests"/>
    <testcase name="Status is true" time="0.012" classname="CinemaAbyssApiTests">
      <failure type="AssertionFailure" message="expected 'stub' to be true">
        <![CDATA[Failed 1 times.]]>
        <![CDATA[Collection JSON ID: 60309936-3910-41b0-94b4-20a754661626.]]>
        <![CDATA[Collection name: CinemaAbyss API Tests.]]>
        <![CDATA[Request name: Events Microservice / Health Check.]]>
        <![CDATA[Test description: Status is true.]]>
        <![CDATA[Error message: expected 'stub' to be true.]]>
        <![CDATA[Stacktrace: AssertionError: expected 'stub' to be true
   at Object.eval sandbox-script.js:2:16).]]>
      </failure>
    </testcase>
  </testsuite>
  <testsuite name="Events Microservice / Create Movie Event" id="a608d84f-3b16-4ad6-a5a1-c2d5070d9a87" timestamp="2025-12-28T18:15:26.436Z" tests="2" failures="2" errors="0" time="0.004">
    <testcase name="Status code is 201" time="0.004" classname="CinemaAbyssApiTests">
      <failure type="AssertionFailure" message="expected response to have status code 201 but got 200">
        <![CDATA[Failed 1 times.]]>
        <![CDATA[Collection JSON ID: 60309936-3910-41b0-94b4-20a754661626.]]>
        <![CDATA[Collection name: CinemaAbyss API Tests.]]>
        <![CDATA[Request name: Events Microservice / Create Movie Event.]]>
        <![CDATA[Test description: Status code is 201.]]>
        <![CDATA[Error message: expected response to have status code 201 but got 200.]]>
        <![CDATA[Stacktrace: AssertionError: expected response to have status code 201 but got 200
   at Object.eval sandbox-script.js:1:17).]]>
      </failure>
    </testcase>
    <testcase name="Response has status success" time="0.004" classname="CinemaAbyssApiTests">
      <failure type="AssertionFailure" message="expected 'stub' to equal 'success'">
        <![CDATA[Failed 1 times.]]>
        <![CDATA[Collection JSON ID: 60309936-3910-41b0-94b4-20a754661626.]]>
        <![CDATA[Collection name: CinemaAbyss API Tests.]]>
        <![CDATA[Request name: Events Microservice / Create Movie Event.]]>
        <![CDATA[Test description: Response has status success.]]>
        <![CDATA[Error message: expected 'stub' to equal 'success'.]]>
        <![CDATA[Stacktrace: AssertionError: expected 'stub' to equal 'success'
   at Object.eval sandbox-script.js:2:17).]]>
      </failure>
    </testcase>
  </testsuite>
  <testsuite name="Events Microservice / Create User Event" id="35297495-a27e-4343-a716-2c7889c1c602" timestamp="2025-12-28T18:15:26.436Z" tests="2" failures="2" errors="0" time="0.005">
    <testcase name="Status code is 201" time="0.005" classname="CinemaAbyssApiTests">
      <failure type="AssertionFailure" message="expected response to have status code 201 but got 200">
        <![CDATA[Failed 1 times.]]>
        <![CDATA[Collection JSON ID: 60309936-3910-41b0-94b4-20a754661626.]]>
        <![CDATA[Collection name: CinemaAbyss API Tests.]]>
        <![CDATA[Request name: Events Microservice / Create User Event.]]>
        <![CDATA[Test description: Status code is 201.]]>
        <![CDATA[Error message: expected response to have status code 201 but got 200.]]>
        <![CDATA[Stacktrace: AssertionError: expected response to have status code 201 but got 200
   at Object.eval sandbox-script.js:1:18).]]>
      </failure>
    </testcase>
    <testcase name="Response has status success" time="0.005" classname="CinemaAbyssApiTests">
      <failure type="AssertionFailure" message="expected 'stub' to equal 'success'">
        <![CDATA[Failed 1 times.]]>
        <![CDATA[Collection JSON ID: 60309936-3910-41b0-94b4-20a754661626.]]>
        <![CDATA[Collection name: CinemaAbyss API Tests.]]>
        <![CDATA[Request name: Events Microservice / Create User Event.]]>
        <![CDATA[Test description: Response has status success.]]>
        <![CDATA[Error message: expected 'stub' to equal 'success'.]]>
        <![CDATA[Stacktrace: AssertionError: expected 'stub' to equal 'success'
   at Object.eval sandbox-script.js:2:18).]]>
      </failure>
    </testcase>
  </testsuite>
  <testsuite name="Events Microservice / Create Payment Event" id="480cc7b5-9e6e-44e8-a6a7-03865456d84a" timestamp="2025-12-28T18:15:26.436Z" tests="2" failures="2" errors="0" time="0.006">
    <testcase name="Status code is 201" time="0.006" classname="CinemaAbyssApiTests">
      <failure type="AssertionFailure" message="expected response to have status code 201 but got 200">
        <![CDATA[Failed 1 times.]]>
        <![CDATA[Collection JSON ID: 60309936-3910-41b0-94b4-20a754661626.]]>
        <![CDATA[Collection name: CinemaAbyss API Tests.]]>
        <![CDATA[Request name: Events Microservice / Create Payment Event.]]>
        <![CDATA[Test description: Status code is 201.]]>
        <![CDATA[Error message: expected response to have status code 201 but got 200.]]>
        <![CDATA[Stacktrace: AssertionError: expected response to have status code 201 but got 200
   at Object.eval sandbox-script.js:1:19).]]>
      </failure>
    </testcase>
    <testcase name="Response has status success" time="0.006" classname="CinemaAbyssApiTests">
      <failure type="AssertionFailure" message="expected 'stub' to equal 'success'">
        <![CDATA[Failed 1 times.]]>
        <![CDATA[Collection JSON ID: 60309936-3910-41b0-94b4-20a754661626.]]>
        <![CDATA[Collection name: CinemaAbyss API Tests.]]>
        <![CDATA[Request name: Events Microservice / Create Payment Event.]]>
        <![CDATA[Test description: Response has status success.]]>
        <![CDATA[Error message: expected 'stub' to equal 'success'.]]>
        <![CDATA[Stacktrace: AssertionError: expected 'stub' to equal 'success'
   at Object.eval sandbox-script.js:2:19).]]>
      </failure>
    </testcase>
  </testsuite>
  <testsuite name="Proxy Service / Health Check" id="c5fba34b-66f0-49f8-9c3a-4d3123cf3f38" timestamp="2025-12-28T18:15:26.436Z" tests="1" failures="0" errors="0" time="0.016">
    <testcase name="Status code is 200" time="0.016" classname="CinemaAbyssApiTests"/>
  </testsuite>
  <testsuite name="Proxy Service / Get All Movies via Proxy" id="0f8ed24d-25a6-4ff2-acfa-d4b9431bd652" timestamp="2025-12-28T18:15:26.436Z" tests="2" failures="0" errors="0" time="0.052">
    <testcase name="Status code is 200" time="0.052" classname="CinemaAbyssApiTests"/>
    <testcase name="Response is an array" time="0.052" classname="CinemaAbyssApiTests"/>
  </testsuite>
  <testsuite name="Proxy Service / Get All Users via Proxy" id="9b24d4e0-bc9a-40d0-b0c7-05b79c908cb9" timestamp="2025-12-28T18:15:26.436Z" tests="2" failures="0" errors="0" time="0.015">
    <testcase name="Status code is 200" time="0.015" classname="CinemaAbyssApiTests"/>
    <testcase name="Response is an array" time="0.015" classname="CinemaAbyssApiTests"/>
  </testsuite>
</testsuites>