<?xml version="1.0" encoding="UTF-8"?>
<testsuites name="CinemaAbyss API Tests" tests="22" time="0.187">
  <testsuite name="Monolith Service / Health Check" id="7613ce8c-20c1-419e-ab06-2eb711d31fd8" timestamp="2025-12-28T18:15:35.519Z" tests="1" failures="0" errors="0" time="0.014">
    <testcase name="Status code is 200" time="0.014" classname="CinemaAbyssApiTests"/>
  </testsuite>
  <testsuite name="Monolith Service / Get All Users" id="ad837523-7fa2-4121-a1e8-b7ab89f177d1" timestamp="2025-12-28T18:15:35.519Z" tests="2" failures="0" errors="0" time="0.005">
    <testcase name="Status code is 200" time="0.005" classname="CinemaAbyssApiTests"/>
    <testcase name="Response is an array" time="0.005" classname="CinemaAbyssApiTests"/>
  </testsuite>
  <testsuite name="Monolith Service / Create User" id="40f358bd-5cca-4737-bc75-d2294fc96c79" timestamp="2025-12-28T18:15:35.519Z" tests="2" failures="0" errors="0" time="0.007">
    <testcase name="Status code is 201" time="0.007" classname="CinemaAbyssApiTests"/>
    <testcase name="Response has id" time="0.007" classname="CinemaAbyssApiTests"/>
  </testsuite>
  <testsuite name="Monolith Service / Get User by ID" id="8f7c9820-0ea0-466f-bcb8-6a9dc31c0a37" timestamp="2025-12-28T18:15:35.519Z" tests="2" failures="0" errors="0" time="0.005">
    <testcase name="Status code is 200" time="0.005" classname="CinemaAbyssApiTests"/>
    <testcase name="User ID matches" time="0.005" classname="CinemaAbyssApiTests"/>
  </testsuite>
  <testsuite name="Monolith Service / Get All Movies" id="aac11645-be31-4116-a96e-6daa2075a4c3" timestamp="2025-12-28T18:15:35.519Z" tests="2" failures="0" errors="0" time="0.013">
    <testcase name="Status code is 200" time="0.013" classname="CinemaAbyssApiTests"/>
    <testcase name="Response is an array" time="0.013" classname="CinemaAbyssApiTests"/>
  </testsuite>
  <testsuite name="Monolith Service / Create Movie" id="a83d3c6c-2245-473e-90f2-8de4ca25a775" timestamp="2025-12-28T18:15:35.519Z" tests="2" failures="0" errors="0" time="0.007">
    <testcase name="Status code is 201" time="0.007" classname="CinemaAbyssApiTests"/>
    <testcase name="Response has id" time="0.007" classname="CinemaAbyssApiTests"/>
  </testsuite>
  <testsuite name="Monolith Service / Get Movie by ID" id="aea73c4c-6066-4164-b4fb-7193e70fc86b" timestamp="2025-12-28T18:15:35.519Z" tests="2" failures="0" errors="0" time="0.004">
    <testcase name="Status code is 200" time="0.004" classname="CinemaAbyssApiTests"/>
    <testcase name="Movie ID matches" time="0.004" classname="CinemaAbyssApiTests"/>
  </testsuite>
  <testsuite name="Monolith Service / Create Payment" id="0e2c7e1d-6923-4ac9-bad0-ce75ea803722" timestamp="2025-12-28T18:15:35.519Z" tests="2" failures="0" errors="0" time="0.011">
    <testcase name="Status code is 201" time="0.011" classname="CinemaAbyssApiTests"/>
    <testcase name="Response has id" time="0.011" classname="CinemaAbyssApiTests"/>
  </testsuite>
  <testsuite name="Monolith Service / Get Payment by ID" id="c86eadbc-41b2-4b83-b2ee-70ea08e74819" timestamp="2025-12-28T18:15:35.519Z" tests="2" failures="0" errors="0" time="0.007">
    <testcase name="Status code is 200" time="0.007" classname="CinemaAbyssApiTests"/>
    <testcase name="Payment ID matches" time="0.007" classname="CinemaAbyssApiTests"/>
  </testsuite>
  <testsuite name="Monolith Service / Create Subscription" id="9164ffaa-3803-4d49-af56-af41cd4fdb3e" timestamp="2025-12-28T18:15:35.519Z" tests="2" failures="0" errors="0" time="0.006">
    <testcase name="Status code is 201" time="0.006" classname="CinemaAbyssApiTests"/>
    <testcase name="Response has id" time="0.006" classname="CinemaAbyssApiTests"/>
  </testsuite>
  <testsuite name="Monolith Service / Get Subscription by ID" id="7d175500-8793-4fd2-8b0e-e052b1648610" timestamp="2025-12-28T18:15:35.519Z" tests="2" failures="0" errors="0" time="0.004">
    <testcase name="Status code is 200" time="0.004" classname="CinemaAbyssApiTests"/>
    <testcase name="Subscription ID matches" time="0.004" classname="CinemaAbyssApiTests"/>
  </testsuite>
  <testsuite name="Movies Microservice / Health Check" id="daf0ff4f-61c0-4817-9445-7fe23604bd34" timestamp="2025-12-28T18:15:35.519Z" tests="2" failures="0" errors="0" time="0.003">
    <testcase name="Status code is 200" time="0.003" classname="CinemaAbyssApiTests"/>
    <testcase name="Status is true" time="0.003" classname="CinemaAbyssApiTests"/>
  </testsuite>
  <testsuite name="Movies Microservice / Get All Movies" id="14b11562-4af9-4689-a35a-98e3e3fdee3f" timestamp="2025-12-28T18:15:35.519Z" tests="2" failures="0" errors="0" time="0.011">
    <testcase name="Status code is 200" time="0.011" classname="CinemaAbyssApiTests"/>
    <testcase name="Response is an array" time="0.011" classname="CinemaAbyssApiTests"/>
  </testsuite>
  <testsuite name="Movies Microservice / Create Movie" id="8b91823d-343a-406b-8e01-0c3fd09f523b" timestamp="2025-12-28T18:15:35.519Z" tests="2" failures="0" errors="0" time="0.005">
    <testcase name="Status code is 201" time="0.005" classname="CinemaAbyssApiTests"/>
    <testcase name="Response has id" time="0.005" classname="CinemaAbyssApiTests"/>
  </testsuite>
  <testsuite name="Movies Microservice / Get Movie by ID" id="5a6cd94a-cc59-4c5b-8c06-12025f1faa76" timestamp="2025-12-28T18:15:35.519Z" tests="2" failures="0" errors="0" time="0.008">
    <testcase name="Status code is 200" time="0.008" classname="CinemaAbyssApiTests"/>
    <testcase name="Movie ID matches" time="0.008" classname="CinemaAbyssApiTests"/>
  </testsuite>
  <testsuite name="Events Microservice / Health Check" id="c244b042-aa59-4d03-80b5-ac0f3281f8cc" timestamp="2025-12-28T18:15:35.519Z" tests="2" failures="1" errors="0" time="0.014">
    <testcase name="Status code is 200" time="0.014" classname="CinemaAbyssApiTests"/>
    <testcase name="Status is true" time="0.014" classname="CinemaAbyssApiTests">
      <failure type="AssertionFailure" message="expected 'stub' to be true">
        <![CDATA[Failed 1 times.]]>
        <![CDATA[Collection JSON ID: a74bcf5e-7fdd-4954-abff-3ed4eded13f1.]]>
        <![CDATA[Collection name: CinemaAbyss API Tests.]]>
        <![CDATA[Request name: Events Microservice / Health Check.]]>
        <![CDATA[Test description: Status is true.]]>
        <![CDATA[Error message: expected 'stub' to be true.]]>
        <![CDATA[Stacktrace: AssertionError: expected 'stub' to be true
   at Object.eval sandbox-script.js:2:16).]]>
      </failure>
    </testcase>
  </testsuite>
  <testsuite name="Events Microservice / Create Movie Event" id="82c57696-fee8-4310-a6bc-5f4e338aa1d7" timestamp="2025-12-28T18:15:35.519Z" tests="2" failures="2" errors="0" time="0.007">
    <testcase name="Status code is 201" time="0.007" classname="CinemaAbyssApiTests">
      <failure type="AssertionFailure" message="expected response to have status code 201 but got 200">
        <![CDATA[Failed 1 times.]]>
        <![CDATA[Collection JSON ID: a74bcf5e-7fdd-4954-abff-3ed4eded13f1.]]>
        <![CDATA[Collection name: CinemaAbyss API Tests.]]>
        <![CDATA[Request name: Events Microservice / Create Movie Event.]]>
        <![CDATA[Test description: Status code is 201.]]>
        <![CDATA[Error message: expected response to have status code 201 but got 200.]]>
        <![CDATA[Stacktrace: AssertionError: expected response to have status code 201 but got 200
   at Object.eval sandbox-script.js:1:17).]]>
      </failure>
    </testcase>
    <testcase name="Response has status success" time="0.007" classname="CinemaAbyssApiTests">
      <failure type="AssertionFailure" message="expected 'stub' to equal 'success'">
        <![CDATA[Failed 1 times.]]>
        <![CDATA[Collection JSON ID: a74bcf5e-7fdd-4954-abff-3ed4eded13f1.]]>
        <![CDATA[Collection name: CinemaAbyss API Tests.]]>
        <![CDATA[Request name: Events Microservice / Create Movie Event.]]>
        <![CDATA[Test description: Response has status success.]]>
        <![CDATA[Error message: expected 'stub' to equal 'success'.]]>
        <![CDATA[Stacktrace: AssertionError: expected 'stub' to equal 'success'
   at Object.eval sandbox-script.js:2:17).]]>
      </failure>
    </testcase>
  </testsuite>
  <testsuite name="Events Microservice / Create User Event" id="08aa089a-b3c1-475d-8a8e-2847b5c152e3" timestamp="2025-12-28T18:15:35.519Z" tests="2" failures="2" errors="0" time="0.005">
    <testcase name="Status code is 201" time="0.005" classname="CinemaAbyssApiTests">
      <failure type="AssertionFailure" message="expected response to have status code 201 but got 200">
        <![CDATA[Failed 1 times.]]>
        <![CDATA[Collection JSON ID: a74bcf5e-7fdd-4954-abff-3ed4eded13f1.]]>
        <![CDATA[Collection name: CinemaAbyss API Tests.]]>
        <![CDATA[Request name: Events Microservice / Create User Event.]]>
        <![CDATA[Test description: Status code is 201.]]>
        <![CDATA[Error message: expected response to have status code 201 but got 200.]]>
        <![CDATA[Stacktrace: AssertionError: expected response to have status code 201 but got 200
   at Object.eval sandbox-script.js:1:18).]]>
      </failure>
    </testcase>
    <testcase name="Response has status success" time="0.005" classname="CinemaAbyssApiTests">
      <failure type="AssertionFailure" message="expected 'stub' to equal 'success'">
        <![CDATA[Failed 1 times.]]>
        <![CDATA[Collection JSON ID: a74bcf5e-7fdd-4954-abff-3ed4eded13f1.]]>
        <![CDATA[Collection name: CinemaAbyss API Tests.]]>
        <![CDATA[Request name: Events Microservice / Create User Event.]]>
        <![CDATA[Test description: Response has status success.]]>
        <![CDATA[Error message: expected 'stub' to equal 'success'.]]>
        <![CDATA[Stacktrace: AssertionError: expected 'stub' to equal 'success'
   at Object.eval sandbox-script.js:2:18).]]>
      </failure>
    </testcase>
  </testsuite>
  <testsuite name="Events Microservice / Create Payment Event" id="4d86f3d0-d15e-4019-86a3-308b88d3baf9" timestamp="2025-12-28T18:15:35.519Z" tests="2" failures="2" errors="0" time="0.006">
    <testcase name="Status code is 201" time="0.006" classname="CinemaAbyssApiTests">
      <failure type="AssertionFailure" message="expected response to have status code 201 but got 200">
        <![CDATA[Failed 1 times.]]>
        <![CDATA[Collection JSON ID: a74bcf5e-7fdd-4954-abff-3ed4eded13f1.]]>
        <![CDATA[Collection name: CinemaAbyss API Tests.]]>
        <![CDATA[Request name: Events Microservice / Create Payment Event.]]>
        <![CDATA[Test description: Status code is 201.]]>
        <![CDATA[Error message: expected response to have status code 201 but got 200.]]>
        <![CDATA[Stacktrace: AssertionError: expected response to have status code 201 but got 200
   at Object.eval sandbox-script.js:1:19).]]>
      </failure>
    </testcase>
    <testcase name="Response has status success" time="0.006" classname="CinemaAbyssApiTests">
      <failure type="AssertionFailure" message="expected 'stub' to equal 'success'">
        <![CDATA[Failed 1 times.]]>
        <![CDATA[Collection JSON ID: a74bcf5e-7fdd-4954-abff-3ed4eded13f1.]]>
        <![CDATA[Collection name: CinemaAbyss API Tests.]]>
        <![CDATA[Request name: Events Microservice / Create Payment Event.]]>
        <![CDATA[Test description: Response has status success.]]>
        <![CDATA[Error message: expected 'stub' to equal 'success'.]]>
        <![CDATA[Stacktrace: AssertionError: expected 'stub' to equal 'success'
   at Object.eval sandbox-script.js:2:19).]]>
      </failure>
    </testcase>
  </testsuite>
  <testsuite name="Proxy Service / Health Check" id="54c775dd-60b9-4dea-9555-cadb356c2fd2" timestamp="2025-12-28T18:15:35.519Z" tests="1" failures="0" errors="0" time="0.007">
    <testcase name="Status code is 200" time="0.007" classname="CinemaAbyssApiTests"/>
  </testsuite>
  <testsuite name="Proxy Service / Get All Movies via Proxy" id="7b2ba11e-4289-434f-b7b2-e41f6f2c6ed9" timestamp="2025-12-28T18:15:35.519Z" tests="2" failures="0" errors="0" time="0.022">
    <testcase name="Status code is 200" time="0.022" classname="CinemaAbyssApiTests"/>
    <testcase name="Response is an array" time="0.022" classname="CinemaAbyssApiTests"/>
  </testsuite>
  <testsuite name="Proxy Service / Get All Users via Proxy" id="05a841fb-9b40-4e34-8df9-0ccce35c1f33" timestamp="2025-12-28T18:15:35.519Z" tests="2" failures="0" errors="0" time="0.016">
    <testcase name="Status code is 200" time="0.016" classname="CinemaAbyssApiTests"/>
    <testcase name="Response is an array" time="0.016" classname="CinemaAbyssApiTests"/>
  </testsuite>
</testsuites>