<?xml version="1.0" encoding="UTF-8"?>
<testsuites name="CinemaAbyss API Tests" tests="22" time="0.222">
  <testsuite name="Monolith Service / Health Check" id="3d3df6a8-681d-47f5-863d-3d5dfa6de1bf" timestamp="2025-12-28T18:14:38.467Z" tests="1" failures="0" errors="0" time="0.015">
    <testcase name="Status code is 200" time="0.015" classname="CinemaAbyssApiTests"/>
  </testsuite>
  <testsuite name="Monolith Service / Get All Users" id="a0170409-2a3e-4ee4-bef0-ef88a427a16a" timestamp="2025-12-28T18:14:38.467Z" tests="2" failures="0" errors="0" time="0.008">
    <testcase name="Status code is 200" time="0.008" classname="CinemaAbyssApiTests"/>
    <testcase name="Response is an array" time="0.008" classname="CinemaAbyssApiTests"/>
  </testsuite>
  <testsuite name="Monolith Service / Create User" id="4a48230f-6544-4d14-ab5e-8ead2b1be6d8" timestamp="2025-12-28T18:14:38.467Z" tests="2" failures="0" errors="0" time="0.011">
    <testcase name="Status code is 201" time="0.011" classname="CinemaAbyssApiTests"/>
    <testcase name="Response has id" time="0.011" classname="CinemaAbyssApiTests"/>
  </testsuite>
  <testsuite name="Monolith Service / Get User by ID" id="fd8c8a01-3070-41a4-820d-b6487949272e" timestamp="2025-12-28T18:14:38.467Z" tests="2" failures="0" errors="0" time="0.005">
    <testcase name="Status code is 200" time="0.005" classname="CinemaAbyssApiTests"/>
    <testcase name="User ID matches" time="0.005" classname="CinemaAbyssApiTests"/>
  </testsuite>
  <testsuite name="Monolith Service / Get All Movies" id="2856796f-9674-4d47-a087-f1d6c818c4d5" timestamp="2025-12-28T18:14:38.467Z" tests="2" failures="0" errors="0" time="0.011">
    <testcase name="Status code is 200" time="0.011" classname="CinemaAbyssApiTests"/>
    <testcase name="Response is an array" time="0.011" classname="CinemaAbyssApiTests"/>
  </testsuite>
  <testsuite name="Monolith Service / Create Movie" id="ad375391-6e3d-4c5d-8f3f-1c7ed2a5c043" timestamp="2025-12-28T18:14:38.467Z" tests="2" failures="0" errors="0" time="0.006">
    <testcase name="Status code is 201" time="0.006" classname="CinemaAbyssApiTests"/>
    <testcase name="Response has id" time="0.006" classname="CinemaAbyssApiTests"/>
  </testsuite>
  <testsuite name="Monolith Service / Get Movie by ID" id="015cda7e-5f02-43ed-896b-97bb2c57d710" timestamp="2025-12-28T18:14:38.467Z" tests="2" failures="0" errors="0" time="0.006">
    <testcase name="Status code is 200" time="0.006" classname="CinemaAbyssApiTests"/>
    <testcase name="Movie ID matches" time="0.006" classname="CinemaAbyssApiTests"/>
  </testsuite>
  <testsuite name="Monolith Service / Create Payment" id="f1525d06-833b-4bcd-932c-b9f46ec2e551" timestamp="2025-12-28T18:14:38.467Z" tests="2" failures="0" errors="0" time="0.010">
    <testcase name="Status code is 201" time="0.010" classname="CinemaAbyssApiTests"/>
    <testcase name="Response has id" time="0.010" classname="CinemaAbyssApiTests"/>
  </testsuite>
  <testsuite name="Monolith Service / Get Payment by ID" id="e5b22bb7-7238-46b9-8ae2-cb2f1ae3607f" timestamp="2025-12-28T18:14:38.467Z" tests="2" failures="0" errors="0" time="0.004">
    <testcase name="Status code is 200" time="0.004" classname="CinemaAbyssApiTests"/>
    <testcase name="Payment ID matches" time="0.004" classname="CinemaAbyssApiTests"/>
  </testsuite>
  <testsuite name="Monolith Service / Create Subscription" id="c0a4a12c-169b-4869-b78e-c9682c0790ec" timestamp="2025-12-28T18:14:38.467Z" tests="2" failures="0" errors="0" time="0.004">
    <testcase name="Status code is 201" time="0.004" classname="CinemaAbyssApiTests"/>
    <testcase name="Response has id" time="0.004" classname="CinemaAbyssApiTests"/>
  </testsuite>
  <testsuite name="Monolith Service / Get Subscription by ID" id="9f5aef7c-bacc-4650-ab68-4085dbf276d4" timestamp="2025-12-28T18:14:38.467Z" tests="2" failures="0" errors="0" time="0.003">
    <testcase name="Status code is 200" time="0.003" classname="CinemaAbyssApiTests"/>
    <testcase name="Subscription ID matches" time="0.003" classname="CinemaAbyssApiTests"/>
  </testsuite>
  <testsuite name="Movies Microservice / Health Check" id="636fcc46-67c5-44c7-87f6-4ced7670bf6c" timestamp="2025-12-28T18:14:38.467Z" tests="2" failures="0" errors="0" time="0.008">
    <testcase name="Status code is 200" time="0.008" classname="CinemaAbyssApiTests"/>
    <testcase name="Status is true" time="0.008" classname="CinemaAbyssApiTests"/>
  </testsuite>
  <testsuite name="Movies Microservice / Get All Movies" id="e1e60cf4-3152-4733-b1e8-18795c565d53" timestamp="2025-12-28T18:14:38.467Z" tests="2" failures="0" errors="0" time="0.013">
    <testcase name="Status code is 200" time="0.013" classname="CinemaAbyssApiTests"/>
    <testcase name="Response is an array" time="0.013" classname="CinemaAbyssApiTests"/>
  </testsuite>
  <testsuite name="Movies Microservice / Create Movie" id="80156266-4bd5-4606-9fc7-5840d066eb49" timestamp="2025-12-28T18:14:38.467Z" tests="2" failures="0" errors="0" time="0.007">
    <testcase name="Status code is 201" time="0.007" classname="CinemaAbyssApiTests"/>
    <testcase name="Response has id" time="0.007" classname="CinemaAbyssApiTests"/>
  </testsuite>
  <testsuite name="Movies Microservice / Get Movie by ID" id="af1784a6-5581-439e-9536-767959fbace4" timestamp="2025-12-28T18:14:38.467Z" tests="2" failures="0" errors="0" time="0.005">
    <testcase name="Status code is 200" time="0.005" classname="CinemaAbyssApiTests"/>
    <testcase name="Movie ID matches" time="0.005" classname="CinemaAbyssApiTests"/>
  </testsuite>
  <testsuite name="Events Microservice / Health Check" id="51fb4551-1e9d-4ec6-90b7-c4716ae0d9a0" timestamp="2025-12-28T18:14:38.467Z" tests="2" failures="1" errors="0" time="0.022">
    <testcase name="Status code is 200" time="0.022" classname="CinemaAbyssApiTests"/>
    <testcase name="Status is true" time="0.022" classname="CinemaAbyssApiTests">
      <failure type="AssertionFailure" message="expected 'stub' to be true">
        <![CDATA[Failed 1 times.]]>
        <![CDATA[Collection JSON ID: 5835c4be-df8b-402f-a670-c1dd29b6809b.]]>
        <![CDATA[Collection name: CinemaAbyss API Tests.]]>
        <![CDATA[Request name: Events Microservice / Health Check.]]>
        <![CDATA[Test description: Status is true.]]>
        <![CDATA[Error message: expected 'stub' to be true.]]>
        <![CDATA[Stacktrace: AssertionError: expected 'stub' to be true
   at Object.eval sandbox-script.js:2:16).]]>
      </failure>
    </testcase>
  </testsuite>
  <testsuite name="Events Microservice / Create Movie Event" id="6c597b52-1cf8-4ab8-a501-8c71d3325fa0" timestamp="2025-12-28T18:14:38.467Z" tests="2" failures="2" errors="0" time="0.003">
    <testcase name="Status code is 201" time="0.003" classname="CinemaAbyssApiTests">
      <failure type="AssertionFailure" message="expected response to have status code 201 but got 200">
        <![CDATA[Failed 1 times.]]>
        <![CDATA[Collection JSON ID: 5835c4be-df8b-402f-a670-c1dd29b6809b.]]>
        <![CDATA[Collection name: CinemaAbyss API Tests.]]>
        <![CDATA[Request name: Events Microservice / Create Movie Event.]]>
        <![CDATA[Test description: Status code is 201.]]>
        <![CDATA[Error message: expected response to have status code 201 but got 200.]]>
        <![CDATA[Stacktrace: AssertionError: expected response to have status code 201 but got 200
   at Object.eval sandbox-script.js:1:17).]]>
      </failure>
    </testcase>
    <testcase name="Response has status success" time="0.003" classname="CinemaAbyssApiTests">
      <failure type="AssertionFailure" message="expected 'stub' to equal 'success'">
        <![CDATA[Failed 1 times.]]>
        <![CDATA[Collection JSON ID: 5835c4be-df8b-402f-a670-c1dd29b6809b.]]>
        <![CDATA[Collection name: CinemaAbyss API Tests.]]>
        <![CDATA[Request name: Events Microservice / Create Movie Event.]]>
        <![CDATA[Test description: Response has status success.]]>
        <![CDATA[Error message: expected 'stub' to equal 'success'.]]>
        <![CDATA[Stacktrace: AssertionError: expected 'stub' to equal 'success'
   at Object.eval sandbox-script.js:2:17).]]>
      </failure>
    </testcase>
  </testsuite>
  <testsuite name="Events Microservice / Create User Event" id="da31bcdb-8a2c-4c9f-8ac6-9d104a29d2eb" timestamp="2025-12-28T18:14:38.467Z" tests="2" failures="2" errors="0" time="0.004">
    <testcase name="Status code is 201" time="0.004" classname="CinemaAbyssApiTests">
      <failure type="AssertionFailure" message="expected response to have status code 201 but got 200">
        <![CDATA[Failed 1 times.]]>
        <![CDATA[Collection JSON ID: 5835c4be-df8b-402f-a670-c1dd29b6809b.]]>
        <![CDATA[Collection name: CinemaAbyss API Tests.]]>
        <![CDATA[Request name: Events Microservice / Create User Event.]]>
        <![CDATA[Test description: Status code is 201.]]>
        <![CDATA[Error message: expected response to have status code 201 but got 200.]]>
        <![CDATA[Stacktrace: AssertionError: expected response to have status code 201 but got 200
   at Object.eval sandbox-script.js:1:18).]]>
      </failure>
    </testcase>
    <testcase name="Response has status success" time="0.004" classname="CinemaAbyssApiTests">
      <failure type="AssertionFailure" message="expected 'stub' to equal 'success'">
        <![CDATA[Failed 1 times.]]>
        <![CDATA[Collection JSON ID: 5835c4be-df8b-402f-a670-c1dd29b6809b.]]>
        <![CDATA[Collection name: CinemaAbyss API Tests.]]>
        <![CDATA[Request name: Events Microservice / Create User Event.]]>
        <![CDATA[Test description: Response has status success.]]>
        <![CDATA[Error message: expected 'stub' to equal 'success'.]]>
        <![CDATA[Stacktrace: AssertionError: expected 'stub' to equal 'success'
   at Object.eval sandbox-script.js:2:18).]]>
      </failure>
    </testcase>
  </testsuite>
  <testsuite name="Events Microservice / Create Payment Event" id="76e3cba1-e0cc-4d5c-8237-a6fa091db3b3" timestamp="2025-12-28T18:14:38.467Z" tests="2" failures="2" errors="0" time="0.005">
    <testcase name="Status code is 201" time="0.005" classname="CinemaAbyssApiTests">
      <failure type="AssertionFailure" message="expected response to have status code 201 but got 200">
        <![CDATA[Failed 1 times.]]>
        <![CDATA[Collection JSON ID: 5835c4be-df8b-402f-a670-c1dd29b6809b.]]>
        <![CDATA[Collection name: CinemaAbyss API Tests.]]>
        <![CDATA[Request name: Events Microservice / Create Payment Event.]]>
        <![CDATA[Test description: Status code is 201.]]>
        <![CDATA[Error message: expected response to have status code 201 but got 200.]]>
        <![CDATA[Stacktrace: AssertionError: expected response to have status code 201 but got 200
   at Object.eval sandbox-script.js:1:19).]]>
      </failure>
    </testcase>
    <testcase name="Response has status success" time="0.005" classname="CinemaAbyssApiTests">
      <failure type="AssertionFailure" message="expected 'stub' to equal 'success'">
        <![CDATA[Failed 1 times.]]>
        <![CDATA[Collection JSON ID: 5835c4be-df8b-402f-a670-c1dd29b6809b.]]>
        <![CDATA[Collection name: CinemaAbyss API Tests.]]>
        <![CDATA[Request name: Events Microservice / Create Payment Event.]]>
        <![CDATA[Test description: Response has status success.]]>
        <![CDATA[Error message: expected 'stub' to equal 'success'.]]>
        <![CDATA[Stacktrace: AssertionError: expected 'stub' to equal 'success'
   at Object.eval sandbox-script.js:2:19).]]>
      </failure>
    </testcase>
  </testsuite>
  <testsuite name="Proxy Service / Health Check" id="7732100f-eff1-454a-8a5f-ae181d73b0eb" timestamp="2025-12-28T18:14:38.467Z" tests="1" failures="0" errors="0" time="0.015">
    <testcase name="Status code is 200" time="0.015" classname="CinemaAbyssApiTests"/>
  </testsuite>
  <testsuite name="Proxy Service / Get All Movies via Proxy" id="665e46b2-2558-431d-9d81-c3ce953bcc1b" timestamp="2025-12-28T18:14:38.467Z" tests="2" failures="0" errors="0" time="0.041">
    <testcase name="Status code is 200" time="0.041" classname="CinemaAbyssApiTests"/>
    <testcase name="Response is an array" time="0.041" classname="CinemaAbyssApiTests"/>
  </testsuite>
  <testsuite name="Proxy Service / Get All Users via Proxy" id="af9c6ca2-08e9-4fdd-a67b-d1fdd95c5df4" timestamp="2025-12-28T18:14:38.467Z" tests="2" failures="0" errors="0" time="0.016">
    <testcase name="Status code is 200" time="0.016" classname="CinemaAbyssApiTests"/>
    <testcase name="Response is an array" time="0.016" classname="CinemaAbyssApiTests"/>
  </testsuite>
</testsuites>